<?xml version="1.0" encoding="UTF-8"?>
<testng-results ignored="0" total="1" passed="1" failed="0" skipped="0">
  <reporter-output>
  </reporter-output>
  <suite started-at="2022-10-10T09:39:26 IST" name="Default suite" finished-at="2022-10-10T09:39:29 IST" duration-ms="3427">
    <groups>
    </groups>
    <test started-at="2022-10-10T09:39:26 IST" name="Default test" finished-at="2022-10-10T09:39:29 IST" duration-ms="3427">
      <class name="com.demo.E_commerce.test1">
        <test-method is-config="true" signature="beforeMethod()[pri:0, instance:com.demo.E_commerce.test1@4dc27487]" started-at="2022-10-10T09:39:26 IST" name="beforeMethod" finished-at="2022-10-10T09:39:28 IST" duration-ms="2154" status="PASS">
          <reporter-output>
          </reporter-output>
        </test-method> <!-- beforeMethod -->
        <test-method signature="TitleTest()[pri:0, instance:com.demo.E_commerce.test1@4dc27487]" started-at="2022-10-10T09:39:28 IST" name="TitleTest" finished-at="2022-10-10T09:39:29 IST" duration-ms="1218" status="PASS">
          <reporter-output>
          </reporter-output>
        </test-method> <!-- TitleTest -->
        <test-method is-config="true" signature="afterMethod()[pri:0, instance:com.demo.E_commerce.test1@4dc27487]" started-at="2022-10-10T09:39:29 IST" name="afterMethod" finished-at="2022-10-10T09:39:29 IST" duration-ms="1" status="PASS">
          <reporter-output>
          </reporter-output>
        </test-method> <!-- afterMethod -->
      </class> <!-- com.demo.E_commerce.test1 -->
    </test> <!-- Default test -->
  </suite> <!-- Default suite -->
</testng-results>
