<?xml version="1.0" encoding="UTF-8"?>
<testng-results ignored="0" total="8" passed="7" failed="1" skipped="0">
  <reporter-output>
  </reporter-output>
  <suite started-at="2022-09-30T18:56:01 IST" name="Suite" finished-at="2022-09-30T18:56:25 IST" duration-ms="23769">
    <groups>
      <group name="Chrome">
        <method signature="GroupTest.launchChrome()[pri:0, instance:com.simplilearn.demo.GroupTest@54bff557]" name="launchChrome" class="com.simplilearn.demo.GroupTest"/>
        <method signature="GroupTest.loginWithChrome()[pri:0, instance:com.simplilearn.demo.GroupTest@54bff557]" name="loginWithChrome" class="com.simplilearn.demo.GroupTest"/>
      </group> <!-- Chrome -->
      <group name="Firefox">
        <method signature="GroupTest.launchFireFox()[pri:0, instance:com.simplilearn.demo.GroupTest@54bff557]" name="launchFireFox" class="com.simplilearn.demo.GroupTest"/>
        <method signature="GroupTest.loginWithFireFox()[pri:0, instance:com.simplilearn.demo.GroupTest@54bff557]" name="loginWithFireFox" class="com.simplilearn.demo.GroupTest"/>
      </group> <!-- Firefox -->
    </groups>
    <test started-at="2022-09-30T18:56:01 IST" name="Test" finished-at="2022-09-30T18:56:25 IST" duration-ms="23769">
      <class name="com.simplilearn.demo.AssertionExample">
        <test-method is-config="true" signature="beforeMethod()[pri:0, instance:com.simplilearn.demo.AssertionExample@4efac082]" started-at="2022-09-30T18:56:21 IST" name="beforeMethod" finished-at="2022-09-30T18:56:23 IST" duration-ms="2167" status="PASS">
          <reporter-output>
          </reporter-output>
        </test-method> <!-- beforeMethod -->
        <test-method signature="TitleTest()[pri:0, instance:com.simplilearn.demo.AssertionExample@4efac082]" started-at="2022-09-30T18:56:23 IST" name="TitleTest" finished-at="2022-09-30T18:56:25 IST" duration-ms="1518" status="PASS">
          <reporter-output>
          </reporter-output>
        </test-method> <!-- TitleTest -->
        <test-method is-config="true" signature="afterMethod()[pri:0, instance:com.simplilearn.demo.AssertionExample@4efac082]" started-at="2022-09-30T18:56:25 IST" name="afterMethod" finished-at="2022-09-30T18:56:25 IST" duration-ms="1" status="PASS">
          <reporter-output>
          </reporter-output>
        </test-method> <!-- afterMethod -->
      </class> <!-- com.simplilearn.demo.AssertionExample -->
      <class name="com.simplilearn.demo.GroupTest">
        <test-method signature="launchChrome()[pri:0, instance:com.simplilearn.demo.GroupTest@54bff557]" started-at="2022-09-30T18:56:01 IST" name="launchChrome" finished-at="2022-09-30T18:56:08 IST" duration-ms="7150" status="PASS">
          <reporter-output>
          </reporter-output>
        </test-method> <!-- launchChrome -->
        <test-method signature="launchFireFox()[pri:0, instance:com.simplilearn.demo.GroupTest@54bff557]" started-at="2022-09-30T18:56:08 IST" name="launchFireFox" finished-at="2022-09-30T18:56:17 IST" duration-ms="8248" status="PASS">
          <reporter-output>
          </reporter-output>
        </test-method> <!-- launchFireFox -->
        <test-method signature="loginWithChrome()[pri:0, instance:com.simplilearn.demo.GroupTest@54bff557]" started-at="2022-09-30T18:56:17 IST" name="loginWithChrome" finished-at="2022-09-30T18:56:17 IST" depends-on-methods="com.simplilearn.demo.GroupTest.launchChrome" duration-ms="189" status="PASS">
          <reporter-output>
          </reporter-output>
        </test-method> <!-- loginWithChrome -->
        <test-method signature="loginWithFireFox()[pri:0, instance:com.simplilearn.demo.GroupTest@54bff557]" started-at="2022-09-30T18:56:17 IST" name="loginWithFireFox" finished-at="2022-09-30T18:56:17 IST" depends-on-methods="com.simplilearn.demo.GroupTest.launchFireFox" duration-ms="196" status="FAIL">
          <exception class="org.openqa.selenium.ElementNotInteractableException">
            <message>
              <![CDATA[Element <input id="pass" class="inputtext _55r1 _6luy _9npi" name="pass" type="password"> is not reachable by keyboard
Build info: version: '4.3.0', revision: 'a4995e2c09*'
System info: host: 'DESKTOP-UCC7NDI', ip: '192.168.1.8', os.name: 'Windows 11', os.arch: 'amd64', os.version: '10.0', java.version: '17.0.3'
Driver info: org.openqa.selenium.firefox.FirefoxDriver
Command: [bd439b4a-2489-4607-a6a7-7aabefc12ea8, sendKeysToElement {id=33e8f375-3f80-4cce-aa33-4c64ce1afbe3, value=[Ljava.lang.CharSequence;@18ac53e8}]
Capabilities {acceptInsecureCerts: true, browserName: firefox, browserVersion: 105.0.1, moz:accessibilityChecks: false, moz:buildID: 20220922151854, moz:debuggerAddress: 127.0.0.1:62853, moz:geckodriverVersion: 0.31.0, moz:headless: false, moz:platformVersion: 10.0, moz:processID: 17380, moz:profile: C:\Users\91787\AppData\Loca..., moz:shutdownTimeout: 60000, moz:useNonSpecCompliantPointerOrigin: false, moz:webdriverClick: true, moz:windowless: false, pageLoadStrategy: normal, platformName: WINDOWS, proxy: Proxy(), se:cdp: ws://127.0.0.1:62853/devtoo..., se:cdpVersion: 85.0, setWindowRect: true, strictFileInteractability: false, timeouts: {implicit: 0, pageLoad: 300000, script: 30000}, unhandledPromptBehavior: dismiss and notify}
Element: [[FirefoxDriver: firefox on WINDOWS (bd439b4a-2489-4607-a6a7-7aabefc12ea8)] -> id: pass]
Session ID: bd439b4a-2489-4607-a6a7-7aabefc12ea8]]>
            </message>
            <full-stacktrace>
              <![CDATA[org.openqa.selenium.ElementNotInteractableException: Element <input id="pass" class="inputtext _55r1 _6luy _9npi" name="pass" type="password"> is not reachable by keyboard
Build info: version: '4.3.0', revision: 'a4995e2c09*'
System info: host: 'DESKTOP-UCC7NDI', ip: '192.168.1.8', os.name: 'Windows 11', os.arch: 'amd64', os.version: '10.0', java.version: '17.0.3'
Driver info: org.openqa.selenium.firefox.FirefoxDriver
Command: [bd439b4a-2489-4607-a6a7-7aabefc12ea8, sendKeysToElement {id=33e8f375-3f80-4cce-aa33-4c64ce1afbe3, value=[Ljava.lang.CharSequence;@18ac53e8}]
Capabilities {acceptInsecureCerts: true, browserName: firefox, browserVersion: 105.0.1, moz:accessibilityChecks: false, moz:buildID: 20220922151854, moz:debuggerAddress: 127.0.0.1:62853, moz:geckodriverVersion: 0.31.0, moz:headless: false, moz:platformVersion: 10.0, moz:processID: 17380, moz:profile: C:\Users\91787\AppData\Loca..., moz:shutdownTimeout: 60000, moz:useNonSpecCompliantPointerOrigin: false, moz:webdriverClick: true, moz:windowless: false, pageLoadStrategy: normal, platformName: WINDOWS, proxy: Proxy(), se:cdp: ws://127.0.0.1:62853/devtoo..., se:cdpVersion: 85.0, setWindowRect: true, strictFileInteractability: false, timeouts: {implicit: 0, pageLoad: 300000, script: 30000}, unhandledPromptBehavior: dismiss and notify}
Element: [[FirefoxDriver: firefox on WINDOWS (bd439b4a-2489-4607-a6a7-7aabefc12ea8)] -> id: pass]
Session ID: bd439b4a-2489-4607-a6a7-7aabefc12ea8
at java.base/jdk.internal.reflect.NativeConstructorAccessorImpl.newInstance0(Native Method)
at java.base/jdk.internal.reflect.NativeConstructorAccessorImpl.newInstance(NativeConstructorAccessorImpl.java:77)
at java.base/jdk.internal.reflect.DelegatingConstructorAccessorImpl.newInstance(DelegatingConstructorAccessorImpl.java:45)
at java.base/java.lang.reflect.Constructor.newInstanceWithCaller(Constructor.java:499)
at java.base/java.lang.reflect.Constructor.newInstance(Constructor.java:480)
at org.openqa.selenium.remote.codec.w3c.W3CHttpResponseCodec.createException(W3CHttpResponseCodec.java:200)
at org.openqa.selenium.remote.codec.w3c.W3CHttpResponseCodec.decode(W3CHttpResponseCodec.java:133)
at org.openqa.selenium.remote.codec.w3c.W3CHttpResponseCodec.decode(W3CHttpResponseCodec.java:53)
at org.openqa.selenium.remote.HttpCommandExecutor.execute(HttpCommandExecutor.java:184)
at org.openqa.selenium.remote.service.DriverCommandExecutor.invokeExecute(DriverCommandExecutor.java:167)
at org.openqa.selenium.remote.service.DriverCommandExecutor.execute(DriverCommandExecutor.java:142)
at org.openqa.selenium.remote.RemoteWebDriver.execute(RemoteWebDriver.java:569)
at org.openqa.selenium.remote.RemoteWebElement.execute(RemoteWebElement.java:257)
at org.openqa.selenium.remote.RemoteWebElement.sendKeys(RemoteWebElement.java:113)
at com.simplilearn.demo.GroupTest.loginWithFireFox(GroupTest.java:59)
at java.base/jdk.internal.reflect.NativeMethodAccessorImpl.invoke0(Native Method)
at java.base/jdk.internal.reflect.NativeMethodAccessorImpl.invoke(NativeMethodAccessorImpl.java:77)
at java.base/jdk.internal.reflect.DelegatingMethodAccessorImpl.invoke(DelegatingMethodAccessorImpl.java:43)
at java.base/java.lang.reflect.Method.invoke(Method.java:568)
at org.testng.internal.invokers.MethodInvocationHelper.invokeMethod(MethodInvocationHelper.java:135)
at org.testng.internal.invokers.TestInvoker.invokeMethod(TestInvoker.java:673)
at org.testng.internal.invokers.TestInvoker.invokeTestMethod(TestInvoker.java:220)
at org.testng.internal.invokers.MethodRunner.runInSequence(MethodRunner.java:50)
at org.testng.internal.invokers.TestInvoker$MethodInvocationAgent.invoke(TestInvoker.java:945)
at org.testng.internal.invokers.TestInvoker.invokeTestMethods(TestInvoker.java:193)
at org.testng.internal.invokers.TestMethodWorker.invokeTestMethods(TestMethodWorker.java:146)
at org.testng.internal.invokers.TestMethodWorker.run(TestMethodWorker.java:128)
at java.base/java.util.ArrayList.forEach(ArrayList.java:1511)
at org.testng.TestRunner.privateRun(TestRunner.java:808)
at org.testng.TestRunner.run(TestRunner.java:603)
at org.testng.SuiteRunner.runTest(SuiteRunner.java:429)
at org.testng.SuiteRunner.runSequentially(SuiteRunner.java:423)
at org.testng.SuiteRunner.privateRun(SuiteRunner.java:383)
at org.testng.SuiteRunner.run(SuiteRunner.java:326)
at org.testng.SuiteRunnerWorker.runSuite(SuiteRunnerWorker.java:52)
at org.testng.SuiteRunnerWorker.run(SuiteRunnerWorker.java:95)
at org.testng.TestNG.runSuitesSequentially(TestNG.java:1249)
at org.testng.TestNG.runSuitesLocally(TestNG.java:1169)
at org.testng.TestNG.runSuites(TestNG.java:1092)
at org.testng.TestNG.run(TestNG.java:1060)
at org.testng.remote.AbstractRemoteTestNG.run(AbstractRemoteTestNG.java:115)
at org.testng.remote.RemoteTestNG.initAndRun(RemoteTestNG.java:251)
at org.testng.remote.RemoteTestNG.main(RemoteTestNG.java:77)
]]>
            </full-stacktrace>
          </exception> <!-- org.openqa.selenium.ElementNotInteractableException -->
          <reporter-output>
          </reporter-output>
        </test-method> <!-- loginWithFireFox -->
      </class> <!-- com.simplilearn.demo.GroupTest -->
      <class name="com.simplilearn.demo.FacebookLogin">
        <test-method is-config="true" signature="beforeMethod()[pri:0, instance:com.simplilearn.demo.FacebookLogin@32502377]" started-at="2022-09-30T18:56:17 IST" name="beforeMethod" finished-at="2022-09-30T18:56:19 IST" duration-ms="2206" status="PASS">
          <reporter-output>
          </reporter-output>
        </test-method> <!-- beforeMethod -->
        <test-method signature="facebook()[pri:0, instance:com.simplilearn.demo.FacebookLogin@32502377]" started-at="2022-09-30T18:56:19 IST" name="facebook" finished-at="2022-09-30T18:56:21 IST" duration-ms="1978" status="PASS">
          <reporter-output>
          </reporter-output>
        </test-method> <!-- facebook -->
        <test-method is-config="true" signature="afterMethod()[pri:0, instance:com.simplilearn.demo.FacebookLogin@32502377]" started-at="2022-09-30T18:56:21 IST" name="afterMethod" finished-at="2022-09-30T18:56:21 IST" duration-ms="1" status="PASS">
          <reporter-output>
          </reporter-output>
        </test-method> <!-- afterMethod -->
      </class> <!-- com.simplilearn.demo.FacebookLogin -->
      <class name="com.simplilearn.demo.FirsttestDemo">
        <test-method is-config="true" signature="beforeSuite()[pri:0, instance:com.simplilearn.demo.FirsttestDemo@54e1c68b]" started-at="2022-09-30T18:56:01 IST" name="beforeSuite" finished-at="2022-09-30T18:56:01 IST" duration-ms="10" status="PASS">
          <reporter-output>
          </reporter-output>
        </test-method> <!-- beforeSuite -->
        <test-method is-config="true" signature="beforeTest()[pri:0, instance:com.simplilearn.demo.FirsttestDemo@54e1c68b]" started-at="2022-09-30T18:56:01 IST" name="beforeTest" finished-at="2022-09-30T18:56:01 IST" duration-ms="0" status="PASS">
          <reporter-output>
          </reporter-output>
        </test-method> <!-- beforeTest -->
        <test-method is-config="true" signature="beforeClass()[pri:0, instance:com.simplilearn.demo.FirsttestDemo@54e1c68b]" started-at="2022-09-30T18:56:25 IST" name="beforeClass" finished-at="2022-09-30T18:56:25 IST" duration-ms="2" status="PASS">
          <reporter-output>
          </reporter-output>
        </test-method> <!-- beforeClass -->
        <test-method is-config="true" signature="beforeMethod()[pri:0, instance:com.simplilearn.demo.FirsttestDemo@54e1c68b]" started-at="2022-09-30T18:56:25 IST" name="beforeMethod" finished-at="2022-09-30T18:56:25 IST" duration-ms="1" status="PASS">
          <reporter-output>
          </reporter-output>
        </test-method> <!-- beforeMethod -->
        <test-method signature="Hello()[pri:0, instance:com.simplilearn.demo.FirsttestDemo@54e1c68b]" started-at="2022-09-30T18:56:25 IST" name="Hello" finished-at="2022-09-30T18:56:25 IST" duration-ms="4" status="PASS">
          <reporter-output>
          </reporter-output>
        </test-method> <!-- Hello -->
        <test-method is-config="true" signature="afterMethod()[pri:0, instance:com.simplilearn.demo.FirsttestDemo@54e1c68b]" started-at="2022-09-30T18:56:25 IST" name="afterMethod" finished-at="2022-09-30T18:56:25 IST" duration-ms="1" status="PASS">
          <reporter-output>
          </reporter-output>
        </test-method> <!-- afterMethod -->
        <test-method is-config="true" signature="beforeMethod()[pri:0, instance:com.simplilearn.demo.FirsttestDemo@54e1c68b]" started-at="2022-09-30T18:56:25 IST" name="beforeMethod" finished-at="2022-09-30T18:56:25 IST" duration-ms="1" status="PASS">
          <reporter-output>
          </reporter-output>
        </test-method> <!-- beforeMethod -->
        <test-method signature="Hello1()[pri:0, instance:com.simplilearn.demo.FirsttestDemo@54e1c68b]" started-at="2022-09-30T18:56:25 IST" name="Hello1" finished-at="2022-09-30T18:56:25 IST" duration-ms="5" status="PASS">
          <reporter-output>
          </reporter-output>
        </test-method> <!-- Hello1 -->
        <test-method is-config="true" signature="afterMethod()[pri:0, instance:com.simplilearn.demo.FirsttestDemo@54e1c68b]" started-at="2022-09-30T18:56:25 IST" name="afterMethod" finished-at="2022-09-30T18:56:25 IST" duration-ms="1" status="PASS">
          <reporter-output>
          </reporter-output>
        </test-method> <!-- afterMethod -->
        <test-method is-config="true" signature="afterClass()[pri:0, instance:com.simplilearn.demo.FirsttestDemo@54e1c68b]" started-at="2022-09-30T18:56:25 IST" name="afterClass" finished-at="2022-09-30T18:56:25 IST" duration-ms="1" status="PASS">
          <reporter-output>
          </reporter-output>
        </test-method> <!-- afterClass -->
        <test-method is-config="true" signature="afterTest()[pri:0, instance:com.simplilearn.demo.FirsttestDemo@54e1c68b]" started-at="2022-09-30T18:56:25 IST" name="afterTest" finished-at="2022-09-30T18:56:25 IST" duration-ms="0" status="PASS">
          <reporter-output>
          </reporter-output>
        </test-method> <!-- afterTest -->
        <test-method is-config="true" signature="afterSuite()[pri:0, instance:com.simplilearn.demo.FirsttestDemo@54e1c68b]" started-at="2022-09-30T18:56:25 IST" name="afterSuite" finished-at="2022-09-30T18:56:25 IST" duration-ms="2" status="PASS">
          <reporter-output>
          </reporter-output>
        </test-method> <!-- afterSuite -->
      </class> <!-- com.simplilearn.demo.FirsttestDemo -->
    </test> <!-- Test -->
  </suite> <!-- Suite -->
</testng-results>
